#
# There is insufficient memory for the Java Runtime Environment to continue.
# Native memory allocation (malloc) failed to allocate 1108496 bytes for Chunk::new
# Possible reasons:
#   The system is out of physical RAM or swap space
#   The process is running with CompressedOops enabled, and the Java Heap may be blocking the growth of the native heap
# Possible solutions:
#   Reduce memory load on the system
#   Increase physical memory or swap space
#   Check if swap backing store is full
#   Decrease Java heap size (-Xmx/-Xms)
#   Decrease number of Java threads
#   Decrease Java thread stack sizes (-Xss)
#   Set larger code cache with -XX:ReservedCodeCacheSize=
#   JVM is running with Unscaled Compressed Oops mode in which the Java heap is
#     placed in the first 4GB address space. The Java Heap base address is the
#     maximum limit for the native heap growth. Please use -XX:HeapBaseMinAddress
#     to set the Java Heap base and to place the Java Heap above 4GB virtual address.
# This output file may be truncated or incomplete.
#
#  Out of Memory Error (allocation.cpp:389), pid=3464, tid=0x0000000000000fec
#
# JRE version: OpenJDK Runtime Environment (8.0_242-b01) (build 1.8.0_242-release-1644-b01)
# Java VM: OpenJDK 64-Bit Server VM (25.242-b01 mixed mode windows-amd64 compressed oops)
# Failed to write core dump. Minidumps are not enabled by default on client versions of Windows
#

---------------  T H R E A D  ---------------

Current thread (0x0000000019962800):  JavaThread "C2 CompilerThread0" daemon [_thread_in_native, id=4076, stack(0x000000001a250000,0x000000001a350000)]

Stack: [0x000000001a250000,0x000000001a350000]
[error occurred during error reporting (printing stack bounds), id 0xc0000005]

Native frames: (J=compiled Java code, j=interpreted, Vv=VM code, C=native code)


Current CompileTask:
C2:  36215 13594       4       org.gradle.internal.service.DefaultServiceRegistry$OwnServices$ProviderAnalyser::analyseType (114 bytes)


---------------  P R O C E S S  ---------------

Java Threads: ( => current thread )
  0x000000001ecae000 JavaThread "Cache worker for execution history cache (C:\Users\UIS\AndroidStudioProjects\Myaccount\.gradle\6.5\executionHistory)" [_thread_blocked, id=12168, stack(0x000000002dc60000,0x000000002dd60000)]
  0x000000001ecae800 JavaThread "Execution worker for ':' Thread 7" [_thread_blocked, id=5784, stack(0x000000002d360000,0x000000002d460000)]
  0x000000001ecab800 JavaThread "Execution worker for ':' Thread 6" [_thread_blocked, id=13964, stack(0x000000002ca60000,0x000000002cb60000)]
  0x000000001eca4000 JavaThread "Execution worker for ':' Thread 5" [_thread_in_Java, id=2268, stack(0x000000002c960000,0x000000002ca60000)]
  0x000000001eca3800 JavaThread "Execution worker for ':' Thread 4" [_thread_blocked, id=7368, stack(0x000000002c860000,0x000000002c960000)]
  0x000000001eca8800 JavaThread "Execution worker for ':' Thread 3" [_thread_blocked, id=14620, stack(0x000000002c760000,0x000000002c860000)]
  0x000000001eca2000 JavaThread "Execution worker for ':' Thread 2" [_thread_blocked, id=1796, stack(0x000000002c660000,0x000000002c760000)]
  0x000000001eca1000 JavaThread "Execution worker for ':'" [_thread_blocked, id=12732, stack(0x000000002c560000,0x000000002c660000)]
  0x000000001eca0800 JavaThread "Cache worker for file content cache (C:\Users\UIS\AndroidStudioProjects\Myaccount\.gradle\6.5\fileContent)" [_thread_blocked, id=1348, stack(0x000000002c460000,0x000000002c560000)]
  0x000000001eca7000 JavaThread "Cache worker for Build Output Cleanup Cache (C:\Users\UIS\AndroidStudioProjects\Myaccount\.gradle\buildOutputCleanup)" [_thread_blocked, id=12892, stack(0x000000002c360000,0x000000002c460000)]
  0x000000001eca5000 JavaThread "Build operations Thread 8" [_thread_blocked, id=12652, stack(0x000000002c060000,0x000000002c160000)]
  0x0000000021d2f000 JavaThread "Build operations Thread 7" [_thread_blocked, id=13992, stack(0x0000000029a30000,0x0000000029b30000)]
  0x0000000021d2e000 JavaThread "Build operations Thread 6" [_thread_blocked, id=12260, stack(0x0000000023eb0000,0x0000000023fb0000)]
  0x0000000021d2d800 JavaThread "Build operations Thread 5" [_thread_blocked, id=6376, stack(0x0000000023db0000,0x0000000023eb0000)]
  0x0000000021d2c800 JavaThread "Build operations Thread 4" [_thread_blocked, id=13504, stack(0x0000000023cb0000,0x0000000023db0000)]
  0x0000000021d2c000 JavaThread "Build operations Thread 3" [_thread_blocked, id=15172, stack(0x0000000023bb0000,0x0000000023cb0000)]
  0x0000000021d2b000 JavaThread "Build operations Thread 2" [_thread_blocked, id=9764, stack(0x0000000023ab0000,0x0000000023bb0000)]
  0x0000000021d2f800 JavaThread "Build operations" [_thread_blocked, id=7264, stack(0x00000000239b0000,0x0000000023ab0000)]
  0x0000000021d22800 JavaThread "Cache worker for cache directory md-rule (C:\Users\UIS\.gradle\caches\6.5\md-rule)" [_thread_blocked, id=12216, stack(0x00000000238b0000,0x00000000239b0000)]
  0x0000000021d25000 JavaThread "Cache worker for cache directory md-supplier (C:\Users\UIS\.gradle\caches\6.5\md-supplier)" [_thread_blocked, id=6348, stack(0x00000000237b0000,0x00000000238b0000)]
  0x0000000021d24000 JavaThread "Cache worker for checksums cache (C:\Users\UIS\AndroidStudioProjects\Myaccount\.gradle\checksums)" [_thread_blocked, id=7296, stack(0x0000000020ff0000,0x00000000210f0000)]
  0x0000000021d29800 JavaThread "Cache worker for file hash cache (C:\Users\UIS\AndroidStudioProjects\Myaccount\.gradle\6.5\fileHashes)" [_thread_blocked, id=14716, stack(0x000000001fe70000,0x000000001ff70000)]
  0x0000000021d29000 JavaThread "Thread-142" [_thread_blocked, id=15144, stack(0x000000001e4a0000,0x000000001e5a0000)]
  0x0000000021d23800 JavaThread "Stdin handler" [_thread_blocked, id=6996, stack(0x000000001e3a0000,0x000000001e4a0000)]
  0x0000000021d26800 JavaThread "Asynchronous log dispatcher for DefaultDaemonConnection: socket connection from /127.0.0.1:56573 to /127.0.0.1:56615" [_thread_blocked, id=13212, stack(0x000000001e2a0000,0x000000001e3a0000)]
  0x0000000021d20800 JavaThread "Cancel handler" [_thread_blocked, id=1520, stack(0x000000001dfa0000,0x000000001e0a0000)]
  0x0000000021d26000 JavaThread "Handler for socket connection from /127.0.0.1:56573 to /127.0.0.1:56615" [_thread_in_native, id=9756, stack(0x000000001dea0000,0x000000001dfa0000)]
  0x0000000021d2a800 JavaThread "ForkJoinPool.commonPool-worker-0" daemon [_thread_blocked, id=12204, stack(0x000000002ef20000,0x000000002f020000)]
  0x0000000021d27800 JavaThread "ForkJoinPool.commonPool-worker-7" daemon [_thread_blocked, id=8324, stack(0x000000002e060000,0x000000002e160000)]
  0x000000001ecad000 JavaThread "ForkJoinPool.commonPool-worker-2" daemon [_thread_blocked, id=4836, stack(0x000000002db60000,0x000000002dc60000)]
  0x000000001ecac800 JavaThread "ForkJoinPool.commonPool-worker-1" daemon [_thread_blocked, id=13036, stack(0x000000002da60000,0x000000002db60000)]
  0x000000001ecab000 JavaThread "Cache worker for Java compile cache (C:\Users\UIS\.gradle\caches\6.5\javaCompile)" [_thread_blocked, id=13132, stack(0x000000002d260000,0x000000002d360000)]
  0x000000001eca6800 JavaThread "Memory manager" [_thread_blocked, id=7684, stack(0x000000002a930000,0x000000002aa30000)]
  0x000000001afb1800 JavaThread "jar transforms Thread 92" [_thread_blocked, id=6676, stack(0x0000000029730000,0x0000000029830000)]
  0x000000001afb0800 JavaThread "jar transforms Thread 91" [_thread_blocked, id=9504, stack(0x0000000029630000,0x0000000029730000)]
  0x000000001afaf000 JavaThread "jar transforms Thread 90" [_thread_blocked, id=6516, stack(0x0000000029530000,0x0000000029630000)]
  0x000000001afb0000 JavaThread "jar transforms Thread 89" [_thread_blocked, id=7460, stack(0x0000000029430000,0x0000000029530000)]
  0x000000001afb4800 JavaThread "jar transforms Thread 88" [_thread_blocked, id=2748, stack(0x0000000029330000,0x0000000029430000)]
  0x000000001afae800 JavaThread "jar transforms Thread 87" [_thread_blocked, id=9888, stack(0x0000000029230000,0x0000000029330000)]
  0x000000001afb3800 JavaThread "jar transforms Thread 86" [_thread_blocked, id=13976, stack(0x0000000029130000,0x0000000029230000)]
  0x000000001afb2000 JavaThread "jar transforms Thread 85" [_thread_blocked, id=732, stack(0x0000000029030000,0x0000000029130000)]
  0x000000001afa7000 JavaThread "jar transforms Thread 84" [_thread_blocked, id=12828, stack(0x0000000028f30000,0x0000000029030000)]
  0x000000001afad800 JavaThread "jar transforms Thread 83" [_thread_blocked, id=6608, stack(0x0000000028e30000,0x0000000028f30000)]
  0x000000001afad000 JavaThread "jar transforms Thread 82" [_thread_blocked, id=6960, stack(0x0000000028d30000,0x0000000028e30000)]
  0x000000001afa6000 JavaThread "jar transforms Thread 81" [_thread_blocked, id=8504, stack(0x0000000028c30000,0x0000000028d30000)]
  0x000000001afa5800 JavaThread "jar transforms Thread 80" [_thread_blocked, id=12228, stack(0x0000000028b30000,0x0000000028c30000)]
  0x000000001afac000 JavaThread "jar transforms Thread 79" [_thread_blocked, id=1044, stack(0x0000000028a30000,0x0000000028b30000)]
  0x000000001afaa000 JavaThread "jar transforms Thread 78" [_thread_blocked, id=14612, stack(0x0000000028930000,0x0000000028a30000)]
  0x000000001afab800 JavaThread "jar transforms Thread 77" [_thread_blocked, id=6892, stack(0x0000000028830000,0x0000000028930000)]
  0x000000001afaa800 JavaThread "jar transforms Thread 76" [_thread_blocked, id=2348, stack(0x0000000028730000,0x0000000028830000)]
  0x000000001afa9000 JavaThread "jar transforms Thread 75" [_thread_blocked, id=14244, stack(0x0000000028630000,0x0000000028730000)]
  0x000000001afa8800 JavaThread "jar transforms Thread 74" [_thread_blocked, id=10664, stack(0x0000000028530000,0x0000000028630000)]
  0x000000001afa7800 JavaThread "jar transforms Thread 73" [_thread_blocked, id=10180, stack(0x0000000028430000,0x0000000028530000)]
  0x0000000021695800 JavaThread "jar transforms Thread 72" [_thread_blocked, id=11348, stack(0x0000000028330000,0x0000000028430000)]
  0x000000002169b800 JavaThread "jar transforms Thread 71" [_thread_blocked, id=11164, stack(0x0000000028230000,0x0000000028330000)]
  0x0000000021696000 JavaThread "jar transforms Thread 70" [_thread_blocked, id=10844, stack(0x0000000028130000,0x0000000028230000)]
  0x000000002169a800 JavaThread "jar transforms Thread 69" [_thread_blocked, id=8488, stack(0x0000000028030000,0x0000000028130000)]
  0x000000002169a000 JavaThread "jar transforms Thread 68" [_thread_blocked, id=10724, stack(0x0000000027f30000,0x0000000028030000)]
  0x0000000021699000 JavaThread "jar transforms Thread 67" [_thread_blocked, id=3408, stack(0x0000000027e30000,0x0000000027f30000)]
  0x0000000021697000 JavaThread "jar transforms Thread 66" [_thread_blocked, id=14112, stack(0x0000000027d30000,0x0000000027e30000)]
  0x0000000021698800 JavaThread "jar transforms Thread 65" [_thread_blocked, id=6688, stack(0x0000000027c30000,0x0000000027d30000)]
  0x0000000021691000 JavaThread "jar transforms Thread 64" [_thread_blocked, id=7020, stack(0x0000000027b30000,0x0000000027c30000)]
  0x0000000021697800 JavaThread "jar transforms Thread 63" [_thread_blocked, id=12596, stack(0x0000000027a30000,0x0000000027b30000)]
  0x000000002168d800 JavaThread "jar transforms Thread 62" [_thread_blocked, id=4308, stack(0x0000000027930000,0x0000000027a30000)]
  0x0000000021694000 JavaThread "jar transforms Thread 61" [_thread_blocked, id=7156, stack(0x0000000027830000,0x0000000027930000)]
  0x0000000021694800 JavaThread "jar transforms Thread 60" [_thread_blocked, id=8800, stack(0x0000000027730000,0x0000000027830000)]
  0x000000002168f800 JavaThread "jar transforms Thread 59" [_thread_blocked, id=2012, stack(0x0000000027630000,0x0000000027730000)]
  0x000000002168c000 JavaThread "jar transforms Thread 58" [_thread_blocked, id=2696, stack(0x0000000027530000,0x0000000027630000)]
  0x0000000021693000 JavaThread "jar transforms Thread 57" [_thread_blocked, id=7756, stack(0x0000000027430000,0x0000000027530000)]
  0x0000000021692800 JavaThread "jar transforms Thread 56" [_thread_blocked, id=13676, stack(0x0000000027330000,0x0000000027430000)]
  0x000000002168d000 JavaThread "jar transforms Thread 55" [_thread_blocked, id=10804, stack(0x0000000027230000,0x0000000027330000)]
  0x000000002168e800 JavaThread "jar transforms Thread 54" [_thread_blocked, id=12576, stack(0x0000000027130000,0x0000000027230000)]
  0x0000000021690000 JavaThread "jar transforms Thread 53" [_thread_blocked, id=10980, stack(0x0000000027030000,0x0000000027130000)]
  0x0000000021691800 JavaThread "jar transforms Thread 52" [_thread_blocked, id=5340, stack(0x0000000026f30000,0x0000000027030000)]
  0x0000000020af3000 JavaThread "jar transforms Thread 51" [_thread_blocked, id=10668, stack(0x0000000026e30000,0x0000000026f30000)]
  0x0000000020af2800 JavaThread "jar transforms Thread 50" [_thread_blocked, id=13252, stack(0x0000000026d30000,0x0000000026e30000)]
  0x0000000020af5800 JavaThread "jar transforms Thread 49" [_thread_blocked, id=8104, stack(0x0000000026c30000,0x0000000026d30000)]
  0x0000000020af1800 JavaThread "jar transforms Thread 48" [_thread_blocked, id=14536, stack(0x0000000026b30000,0x0000000026c30000)]
  0x0000000020af1000 JavaThread "jar transforms Thread 47" [_thread_blocked, id=11996, stack(0x0000000026a30000,0x0000000026b30000)]
  0x0000000020af4000 JavaThread "jar transforms Thread 46" [_thread_blocked, id=6544, stack(0x0000000026930000,0x0000000026a30000)]
  0x0000000020af7000 JavaThread "jar transforms Thread 45" [_thread_blocked, id=6664, stack(0x0000000026830000,0x0000000026930000)]
  0x0000000020af6000 JavaThread "jar transforms Thread 44" [_thread_blocked, id=1580, stack(0x0000000026730000,0x0000000026830000)]
  0x0000000020af4800 JavaThread "jar transforms Thread 43" [_thread_blocked, id=11668, stack(0x0000000026630000,0x0000000026730000)]
  0x0000000020aeb800 JavaThread "jar transforms Thread 42" [_thread_blocked, id=3604, stack(0x0000000026530000,0x0000000026630000)]
  0x0000000020aec800 JavaThread "jar transforms Thread 41" [_thread_blocked, id=10800, stack(0x0000000026430000,0x0000000026530000)]
  0x0000000020af0000 JavaThread "jar transforms Thread 40" [_thread_blocked, id=8044, stack(0x0000000026330000,0x0000000026430000)]
  0x0000000020ae8800 JavaThread "jar transforms Thread 39" [_thread_blocked, id=10764, stack(0x0000000026230000,0x0000000026330000)]
  0x0000000020aea000 JavaThread "jar transforms Thread 38" [_thread_blocked, id=6444, stack(0x0000000026130000,0x0000000026230000)]
  0x0000000020aef800 JavaThread "jar transforms Thread 37" [_thread_blocked, id=6988, stack(0x0000000026030000,0x0000000026130000)]
  0x0000000020aee000 JavaThread "jar transforms Thread 36" [_thread_blocked, id=2884, stack(0x0000000025f30000,0x0000000026030000)]
  0x0000000020ae9800 JavaThread "jar transforms Thread 35" [_thread_blocked, id=3908, stack(0x0000000025e30000,0x0000000025f30000)]
  0x0000000020aeb000 JavaThread "jar transforms Thread 34" [_thread_blocked, id=2260, stack(0x0000000025d30000,0x0000000025e30000)]
  0x0000000020ae8000 JavaThread "jar transforms Thread 33" [_thread_blocked, id=14104, stack(0x0000000025c30000,0x0000000025d30000)]
  0x0000000020aed000 JavaThread "jar transforms Thread 32" [_thread_blocked, id=10728, stack(0x0000000025b30000,0x0000000025c30000)]
  0x0000000020aee800 JavaThread "jar transforms Thread 31" [_thread_blocked, id=12012, stack(0x0000000025a30000,0x0000000025b30000)]
  0x0000000021a6c800 JavaThread "jar transforms Thread 30" [_thread_blocked, id=12192, stack(0x0000000025930000,0x0000000025a30000)]
  0x0000000021a6c000 JavaThread "jar transforms Thread 29" [_thread_blocked, id=13560, stack(0x0000000025830000,0x0000000025930000)]
  0x0000000021a6d800 JavaThread "jar transforms Thread 28" [_thread_blocked, id=12784, stack(0x0000000025730000,0x0000000025830000)]
  0x0000000021a6b000 JavaThread "jar transforms Thread 27" [_thread_blocked, id=4916, stack(0x0000000025630000,0x0000000025730000)]
  0x0000000021a6a800 JavaThread "jar transforms Thread 26" [_thread_blocked, id=6800, stack(0x0000000025530000,0x0000000025630000)]
  0x0000000021a63000 JavaThread "jar transforms Thread 25" [_thread_blocked, id=13028, stack(0x0000000025430000,0x0000000025530000)]
  0x0000000021a69800 JavaThread "jar transforms Thread 24" [_thread_blocked, id=11764, stack(0x0000000025330000,0x0000000025430000)]
  0x0000000021a62000 JavaThread "jar transforms Thread 23" [_thread_blocked, id=7096, stack(0x0000000025230000,0x0000000025330000)]
  0x0000000021a69000 JavaThread "jar transforms Thread 22" [_thread_blocked, id=7612, stack(0x0000000025130000,0x0000000025230000)]
  0x0000000021a63800 JavaThread "jar transforms Thread 21" [_thread_blocked, id=13456, stack(0x0000000025030000,0x0000000025130000)]
  0x0000000021a61800 JavaThread "jar transforms Thread 20" [_thread_blocked, id=6756, stack(0x0000000024f30000,0x0000000025030000)]
  0x0000000021a68000 JavaThread "jar transforms Thread 19" [_thread_blocked, id=14160, stack(0x0000000024e30000,0x0000000024f30000)]
  0x0000000021a66800 JavaThread "jar transforms Thread 18" [_thread_blocked, id=13492, stack(0x0000000024d30000,0x0000000024e30000)]
  0x0000000021a67800 JavaThread "jar transforms Thread 17" [_thread_blocked, id=11204, stack(0x0000000024c30000,0x0000000024d30000)]
  0x0000000021a5f000 JavaThread "jar transforms Thread 16" [_thread_blocked, id=15260, stack(0x0000000024b30000,0x0000000024c30000)]
  0x0000000021a60800 JavaThread "jar transforms Thread 15" [_thread_blocked, id=4200, stack(0x0000000024a30000,0x0000000024b30000)]
  0x0000000021a66000 JavaThread "jar transforms Thread 14" [_thread_blocked, id=10288, stack(0x0000000024930000,0x0000000024a30000)]
  0x0000000021a60000 JavaThread "jar transforms Thread 13" [_thread_blocked, id=10876, stack(0x0000000024830000,0x0000000024930000)]
  0x0000000021a64800 JavaThread "jar transforms Thread 12" [_thread_blocked, id=14952, stack(0x0000000024730000,0x0000000024830000)]
  0x0000000021a65000 JavaThread "jar transforms Thread 11" [_thread_blocked, id=13940, stack(0x0000000024630000,0x0000000024730000)]
  0x0000000021a5e800 JavaThread "jar transforms Thread 10" [_thread_blocked, id=3880, stack(0x0000000024530000,0x0000000024630000)]
  0x0000000021510000 JavaThread "jar transforms Thread 9" [_thread_blocked, id=7356, stack(0x0000000024430000,0x0000000024530000)]
  0x0000000021514800 JavaThread "jar transforms Thread 8" [_thread_blocked, id=2664, stack(0x0000000024330000,0x0000000024430000)]
  0x0000000021512800 JavaThread "jar transforms Thread 7" [_thread_blocked, id=14500, stack(0x0000000024230000,0x0000000024330000)]
  0x0000000021511000 JavaThread "jar transforms Thread 6" [_thread_blocked, id=8012, stack(0x0000000024130000,0x0000000024230000)]
  0x0000000021514000 JavaThread "jar transforms Thread 5" [_thread_blocked, id=4288, stack(0x0000000024030000,0x0000000024130000)]
  0x0000000021511800 JavaThread "jar transforms Thread 4" [_thread_blocked, id=1820, stack(0x00000000236b0000,0x00000000237b0000)]
  0x000000002150f800 JavaThread "jar transforms Thread 3" [_thread_blocked, id=11248, stack(0x00000000235b0000,0x00000000236b0000)]
  0x0000000021513000 JavaThread "jar transforms Thread 2" [_thread_blocked, id=8820, stack(0x00000000234b0000,0x00000000235b0000)]
  0x0000000019977800 JavaThread "Cache worker for file content cache (C:\Users\UIS\.gradle\caches\6.5\fileContent)" [_thread_blocked, id=8156, stack(0x0000000022db0000,0x0000000022eb0000)]
  0x0000000019976000 JavaThread "jar transforms" [_thread_blocked, id=6308, stack(0x0000000022cb0000,0x0000000022db0000)]
  0x0000000019975800 JavaThread "Cache worker for execution history cache (C:\Users\UIS\.gradle\caches\6.5\executionHistory)" [_thread_blocked, id=3296, stack(0x00000000225b0000,0x00000000226b0000)]
  0x0000000019977000 JavaThread "Cache worker for file hash cache (C:\Users\UIS\.gradle\caches\6.5\fileHashes)" [_thread_blocked, id=6888, stack(0x000000001e9a0000,0x000000001eaa0000)]
  0x000000001c4b3800 JavaThread "File lock request listener" [_thread_in_native, id=12800, stack(0x000000001e8a0000,0x000000001e9a0000)]
  0x000000001c4b3000 JavaThread "Cache worker for journal cache (C:\Users\UIS\.gradle\caches\journal-1)" [_thread_in_native, id=2800, stack(0x000000001e7a0000,0x000000001e8a0000)]
  0x000000001c45c000 JavaThread "Daemon worker" [_thread_blocked, id=14036, stack(0x000000001e1a0000,0x000000001e2a0000)]
  0x000000001c3a0800 JavaThread "Daemon" [_thread_blocked, id=12836, stack(0x000000001dda0000,0x000000001dea0000)]
  0x000000001c395000 JavaThread "Daemon periodic checks" [_thread_blocked, id=10608, stack(0x000000001daa0000,0x000000001dba0000)]
  0x000000001c3a5000 JavaThread "Incoming local TCP Connector on port 56573" [_thread_in_native, id=4480, stack(0x000000001d830000,0x000000001d930000)]
  0x000000001a975800 JavaThread "Daemon health stats" [_thread_blocked, id=11532, stack(0x000000001d1f0000,0x000000001d2f0000)]
  0x0000000019a0b800 JavaThread "Service Thread" daemon [_thread_blocked, id=13392, stack(0x000000001a650000,0x000000001a750000)]
  0x000000001997a000 JavaThread "C1 CompilerThread3" daemon [_thread_in_native, id=5880, stack(0x000000001a550000,0x000000001a650000)]
  0x000000001997b800 JavaThread "C2 CompilerThread2" daemon [_thread_in_vm, id=10884, stack(0x000000001a450000,0x000000001a550000)]
  0x0000000019966000 JavaThread "C2 CompilerThread1" daemon [_thread_in_vm, id=1076, stack(0x000000001a350000,0x000000001a450000)]
=>0x0000000019962800 JavaThread "C2 CompilerThread0" daemon [_thread_in_native, id=4076, stack(0x000000001a250000,0x000000001a350000)]
  0x0000000019960000 JavaThread "Attach Listener" daemon [_thread_blocked, id=5228, stack(0x000000001a150000,0x000000001a250000)]
  0x000000001995f000 JavaThread "Signal Dispatcher" daemon [_thread_blocked, id=14556, stack(0x000000001a050000,0x000000001a150000)]
  0x0000000002ac8000 JavaThread "Finalizer" daemon [_thread_blocked, id=14808, stack(0x0000000019e30000,0x0000000019f30000)]
  0x0000000019950800 JavaThread "Reference Handler" daemon [_thread_blocked, id=8692, stack(0x0000000019d30000,0x0000000019e30000)]
  0x000000000288e000 JavaThread "main" [_thread_blocked, id=256, stack(0x0000000002890000,0x0000000002990000)]

Other Threads:
  0x0000000017b38800 VMThread [stack: 0x0000000019830000,0x0000000019930000] [id=7540]
  0x0000000019a0c800 WatcherThread [stack: 0x000000001a750000,0x000000001a850000] [id=2404]

VM state:not at safepoint (normal execution)

VM Mutex/Monitor currently owned by a thread: None

heap address: 0x0000000080000000, size: 2048 MB, Compressed Oops mode: 32-bit
Narrow klass base: 0x0000000000000000, Narrow klass shift: 3
Compressed class space size: 1073741824 Address: 0x0000000100000000

Heap:
 PSYoungGen      total 288256K, used 51447K [0x00000000d5580000, 0x00000000ec400000, 0x0000000100000000)
  eden space 232448K, 22% used [0x00000000d5580000,0x00000000d87bdf90,0x00000000e3880000)
  from space 55808K, 0% used [0x00000000e3880000,0x00000000e3880000,0x00000000e6f00000)
  to   space 53248K, 0% used [0x00000000e9000000,0x00000000e9000000,0x00000000ec400000)
 ParOldGen       total 135680K, used 69106K [0x0000000080000000, 0x0000000088480000, 0x00000000d5580000)
  object space 135680K, 50% used [0x0000000080000000,0x000000008437c860,0x0000000088480000)
 Metaspace       used 91790K, capacity 96213K, committed 97368K, reserved 1132544K
  class space    used 12312K, capacity 13181K, committed 13440K, reserved 1048576K

Card table byte_map: [0x0000000011e90000,0x00000000122a0000] byte_map_base: 0x0000000011a90000

Marking Bits: (ParMarkBitMap*) 0x0000000077b8f030
 Begin Bits: [0x0000000012d50000, 0x0000000014d50000)
 End Bits:   [0x0000000014d50000, 0x0000000016d50000)

Polling page: 0x0000000000b30000

CodeCache: size=245760Kb used=36951Kb max_used=37124Kb free=208808Kb
 bounds [0x0000000002ad0000, 0x0000000004f60000, 0x0000000011ad0000]
 total_blobs=12511 nmethods=11614 adapters=809
 compilation: enabled

Compilation events (10 events):
Event: 36.206 Thread 0x000000001997a000 nmethod 13940 0x0000000003804550 code [0x0000000003804700, 0x0000000003804c48]
Event: 36.207 Thread 0x000000001997a000 13941       3       org.gradle.api.internal.artifacts.ivyservice.resolveengine.excludes.factories.OptimizingExcludeFactory$$Lambda$201/1092473442::get$Lambda (9 bytes)
Event: 36.207 Thread 0x000000001997a000 nmethod 13941 0x0000000003804090 code [0x0000000003804200, 0x0000000003804450]
Event: 36.208 Thread 0x000000001997a000 13942       3       org.gradle.api.internal.artifacts.ivyservice.resolveengine.graph.builder.NodeState::sameIncomingEdgesAsPreviousPass (33 bytes)
Event: 36.208 Thread 0x000000001997a000 nmethod 13942 0x00000000031be610 code [0x00000000031be760, 0x00000000031be990]
Event: 36.209 Thread 0x000000001997a000 13948       3       org.gradle.internal.component.model.MutableModuleSources::of (45 bytes)
Event: 36.210 Thread 0x000000001997a000 nmethod 13948 0x0000000004c82110 code [0x0000000004c82300, 0x0000000004c82ca8]
Event: 36.210 Thread 0x0000000019966000 nmethod 13886 0x0000000004c7de50 code [0x0000000004c7e080, 0x0000000004c80508]
Event: 36.211 Thread 0x000000001997a000 13949       3       org.gradle.api.internal.artifacts.repositories.metadata.DefaultMavenImmutableAttributesFactory::mutable (11 bytes)
Event: 36.211 Thread 0x000000001997a000 nmethod 13949 0x0000000004650e10 code [0x0000000004650f80, 0x00000000046511a8]

GC Heap History (10 events):
Event: 13.050 GC heap before
{Heap before GC invocations=17 (full 3):
 PSYoungGen      total 187904K, used 186823K [0x00000000d5580000, 0x00000000e4600000, 0x0000000100000000)
  eden space 169472K, 100% used [0x00000000d5580000,0x00000000dfb00000,0x00000000dfb00000)
  from space 18432K, 94% used [0x00000000dfb00000,0x00000000e0bf1db8,0x00000000e0d00000)
  to   space 20480K, 0% used [0x00000000e3200000,0x00000000e3200000,0x00000000e4600000)
 ParOldGen       total 135680K, used 33120K [0x0000000080000000, 0x0000000088480000, 0x00000000d5580000)
  object space 135680K, 24% used [0x0000000080000000,0x0000000082058290,0x0000000088480000)
 Metaspace       used 73917K, capacity 77707K, committed 77912K, reserved 1116160K
  class space    used 10088K, capacity 10836K, committed 10880K, reserved 1048576K
Event: 13.082 GC heap after
Heap after GC invocations=17 (full 3):
 PSYoungGen      total 221184K, used 20473K [0x00000000d5580000, 0x00000000e4d80000, 0x0000000100000000)
  eden space 200704K, 0% used [0x00000000d5580000,0x00000000d5580000,0x00000000e1980000)
  from space 20480K, 99% used [0x00000000e3200000,0x00000000e45fe568,0x00000000e4600000)
  to   space 25088K, 0% used [0x00000000e1980000,0x00000000e1980000,0x00000000e3200000)
 ParOldGen       total 135680K, used 38310K [0x0000000080000000, 0x0000000088480000, 0x00000000d5580000)
  object space 135680K, 28% used [0x0000000080000000,0x0000000082569bd8,0x0000000088480000)
 Metaspace       used 73917K, capacity 77707K, committed 77912K, reserved 1116160K
  class space    used 10088K, capacity 10836K, committed 10880K, reserved 1048576K
}
Event: 14.130 GC heap before
{Heap before GC invocations=18 (full 3):
 PSYoungGen      total 221184K, used 221177K [0x00000000d5580000, 0x00000000e4d80000, 0x0000000100000000)
  eden space 200704K, 100% used [0x00000000d5580000,0x00000000e1980000,0x00000000e1980000)
  from space 20480K, 99% used [0x00000000e3200000,0x00000000e45fe568,0x00000000e4600000)
  to   space 25088K, 0% used [0x00000000e1980000,0x00000000e1980000,0x00000000e3200000)
 ParOldGen       total 135680K, used 38310K [0x0000000080000000, 0x0000000088480000, 0x00000000d5580000)
  object space 135680K, 28% used [0x0000000080000000,0x0000000082569bd8,0x0000000088480000)
 Metaspace       used 79291K, capacity 83521K, committed 83672K, reserved 1122304K
  class space    used 10881K, capacity 11685K, committed 11776K, reserved 1048576K
Event: 14.172 GC heap after
Heap after GC invocations=18 (full 3):
 PSYoungGen      total 225792K, used 25066K [0x00000000d5580000, 0x00000000e9300000, 0x0000000100000000)
  eden space 200704K, 0% used [0x00000000d5580000,0x00000000d5580000,0x00000000e1980000)
  from space 25088K, 99% used [0x00000000e1980000,0x00000000e31fabb0,0x00000000e3200000)
  to   space 36864K, 0% used [0x00000000e6f00000,0x00000000e6f00000,0x00000000e9300000)
 ParOldGen       total 135680K, used 59808K [0x0000000080000000, 0x0000000088480000, 0x00000000d5580000)
  object space 135680K, 44% used [0x0000000080000000,0x0000000083a68358,0x0000000088480000)
 Metaspace       used 79291K, capacity 83521K, committed 83672K, reserved 1122304K
  class space    used 10881K, capacity 11685K, committed 11776K, reserved 1048576K
}
Event: 16.403 GC heap before
{Heap before GC invocations=19 (full 3):
 PSYoungGen      total 225792K, used 225770K [0x00000000d5580000, 0x00000000e9300000, 0x0000000100000000)
  eden space 200704K, 100% used [0x00000000d5580000,0x00000000e1980000,0x00000000e1980000)
  from space 25088K, 99% used [0x00000000e1980000,0x00000000e31fabb0,0x00000000e3200000)
  to   space 36864K, 0% used [0x00000000e6f00000,0x00000000e6f00000,0x00000000e9300000)
 ParOldGen       total 135680K, used 59808K [0x0000000080000000, 0x0000000088480000, 0x00000000d5580000)
  object space 135680K, 44% used [0x0000000080000000,0x0000000083a68358,0x0000000088480000)
 Metaspace       used 84758K, capacity 89673K, committed 89944K, reserved 1126400K
  class space    used 11711K, capacity 12617K, committed 12672K, reserved 1048576K
Event: 16.470 GC heap after
Heap after GC invocations=19 (full 3):
 PSYoungGen      total 269312K, used 36851K [0x00000000d5580000, 0x00000000ebb80000, 0x0000000100000000)
  eden space 232448K, 0% used [0x00000000d5580000,0x00000000d5580000,0x00000000e3880000)
  from space 36864K, 99% used [0x00000000e6f00000,0x00000000e92fcfa0,0x00000000e9300000)
  to   space 55808K, 0% used [0x00000000e3880000,0x00000000e3880000,0x00000000e6f00000)
 ParOldGen       total 135680K, used 95196K [0x0000000080000000, 0x0000000088480000, 0x00000000d5580000)
  object space 135680K, 70% used [0x0000000080000000,0x0000000085cf7060,0x0000000088480000)
 Metaspace       used 84758K, capacity 89673K, committed 89944K, reserved 1126400K
  class space    used 11711K, capacity 12617K, committed 12672K, reserved 1048576K
}
Event: 35.773 GC heap before
{Heap before GC invocations=20 (full 3):
 PSYoungGen      total 269312K, used 269299K [0x00000000d5580000, 0x00000000ebb80000, 0x0000000100000000)
  eden space 232448K, 100% used [0x00000000d5580000,0x00000000e3880000,0x00000000e3880000)
  from space 36864K, 99% used [0x00000000e6f00000,0x00000000e92fcfa0,0x00000000e9300000)
  to   space 55808K, 0% used [0x00000000e3880000,0x00000000e3880000,0x00000000e6f00000)
 ParOldGen       total 135680K, used 95196K [0x0000000080000000, 0x0000000088480000, 0x00000000d5580000)
  object space 135680K, 70% used [0x0000000080000000,0x0000000085cf7060,0x0000000088480000)
 Metaspace       used 92007K, capacity 97185K, committed 97368K, reserved 1132544K
  class space    used 12434K, capacity 13397K, committed 13440K, reserved 1048576K
Event: 35.810 GC heap after
Heap after GC invocations=20 (full 3):
 PSYoungGen      total 288256K, used 15681K [0x00000000d5580000, 0x00000000ec400000, 0x0000000100000000)
  eden space 232448K, 0% used [0x00000000d5580000,0x00000000d5580000,0x00000000e3880000)
  from space 55808K, 28% used [0x00000000e3880000,0x00000000e47d0548,0x00000000e6f00000)
  to   space 53248K, 0% used [0x00000000e9000000,0x00000000e9000000,0x00000000ec400000)
 ParOldGen       total 135680K, used 111879K [0x0000000080000000, 0x0000000088480000, 0x00000000d5580000)
  object space 135680K, 82% used [0x0000000080000000,0x0000000086d41da8,0x0000000088480000)
 Metaspace       used 92007K, capacity 97185K, committed 97368K, reserved 1132544K
  class space    used 12434K, capacity 13397K, committed 13440K, reserved 1048576K
}
Event: 35.810 GC heap before
{Heap before GC invocations=21 (full 4):
 PSYoungGen      total 288256K, used 15681K [0x00000000d5580000, 0x00000000ec400000, 0x0000000100000000)
  eden space 232448K, 0% used [0x00000000d5580000,0x00000000d5580000,0x00000000e3880000)
  from space 55808K, 28% used [0x00000000e3880000,0x00000000e47d0548,0x00000000e6f00000)
  to   space 53248K, 0% used [0x00000000e9000000,0x00000000e9000000,0x00000000ec400000)
 ParOldGen       total 135680K, used 111879K [0x0000000080000000, 0x0000000088480000, 0x00000000d5580000)
  object space 135680K, 82% used [0x0000000080000000,0x0000000086d41da8,0x0000000088480000)
 Metaspace       used 92007K, capacity 97185K, committed 97368K, reserved 1132544K
  class space    used 12434K, capacity 13397K, committed 13440K, reserved 1048576K
Event: 35.960 GC heap after
Heap after GC invocations=21 (full 4):
 PSYoungGen      total 288256K, used 0K [0x00000000d5580000, 0x00000000ec400000, 0x0000000100000000)
  eden space 232448K, 0% used [0x00000000d5580000,0x00000000d5580000,0x00000000e3880000)
  from space 55808K, 0% used [0x00000000e3880000,0x00000000e3880000,0x00000000e6f00000)
  to   space 53248K, 0% used [0x00000000e9000000,0x00000000e9000000,0x00000000ec400000)
 ParOldGen       total 135680K, used 69106K [0x0000000080000000, 0x0000000088480000, 0x00000000d5580000)
  object space 135680K, 50% used [0x0000000080000000,0x000000008437c860,0x0000000088480000)
 Metaspace       used 91609K, capacity 96049K, committed 97368K, reserved 1132544K
  class space    used 12305K, capacity 13169K, committed 13440K, reserved 1048576K
}

Deoptimization events (10 events):
Event: 35.606 Thread 0x000000001c45c000 Uncommon trap: reason=unstable_if action=reinterpret pc=0x0000000004696fec method=java.util.concurrent.ConcurrentHashMap.computeIfAbsent(Ljava/lang/Object;Ljava/util/function/Function;)Ljava/lang/Object; @ 123
Event: 35.606 Thread 0x000000001c45c000 Uncommon trap: reason=class_check action=maybe_recompile pc=0x00000000047b8388 method=com.google.common.cache.LocalCache$LoadingValueReference.loadFuture(Ljava/lang/Object;Lcom/google/common/cache/CacheLoader;)Lcom/google/common/util/concurrent/Listenable
Event: 35.608 Thread 0x000000001c45c000 Uncommon trap: reason=class_check action=maybe_recompile pc=0x00000000047b8388 method=com.google.common.cache.LocalCache$LoadingValueReference.loadFuture(Ljava/lang/Object;Lcom/google/common/cache/CacheLoader;)Lcom/google/common/util/concurrent/Listenable
Event: 35.609 Thread 0x000000001c45c000 Uncommon trap: reason=unstable_if action=reinterpret pc=0x0000000002fdc760 method=com.google.common.collect.MapMakerInternalMap$Segment.getEntry(Ljava/lang/Object;I)Lcom/google/common/collect/MapMakerInternalMap$InternalEntry; @ 4
Event: 35.960 Thread 0x0000000019950800 Uncommon trap: reason=unstable_if action=reinterpret pc=0x00000000034815b8 method=java.lang.ref.Reference.tryHandlePending(Z)Z @ 20
Event: 35.981 Thread 0x0000000021d29000 Uncommon trap: reason=unstable_if action=reinterpret pc=0x000000000496e24c method=java.io.ObjectOutputStream.writeOrdinaryObject(Ljava/lang/Object;Ljava/io/ObjectStreamClass;Z)V @ 113
Event: 35.985 Thread 0x000000001c45c000 Uncommon trap: reason=class_check action=maybe_recompile pc=0x00000000047b8388 method=com.google.common.cache.LocalCache$LoadingValueReference.loadFuture(Ljava/lang/Object;Lcom/google/common/cache/CacheLoader;)Lcom/google/common/util/concurrent/Listenable
Event: 36.058 Thread 0x000000001c45c000 Uncommon trap: reason=array_check action=maybe_recompile pc=0x0000000004096fb8 method=com.google.common.collect.ImmutableSet.construct(I[Ljava/lang/Object;)Lcom/google/common/collect/ImmutableSet; @ 122
Event: 36.059 Thread 0x000000001c45c000 Uncommon trap: reason=array_check action=maybe_recompile pc=0x0000000004096fb8 method=com.google.common.collect.ImmutableSet.construct(I[Ljava/lang/Object;)Lcom/google/common/collect/ImmutableSet; @ 122
Event: 36.099 Thread 0x000000001c45c000 Uncommon trap: reason=array_check action=maybe_recompile pc=0x0000000004096fb8 method=com.google.common.collect.ImmutableSet.construct(I[Ljava/lang/Object;)Lcom/google/common/collect/ImmutableSet; @ 122

Classes redefined (0 events):
No events

Internal exceptions (10 events):
Event: 15.457 Thread 0x0000000021d2d800 Implicit null exception at 0x00000000033eb42f to 0x00000000033eb521
Event: 15.457 Thread 0x0000000021d2f000 Implicit null exception at 0x00000000033eb42f to 0x00000000033eb521
Event: 16.767 Thread 0x0000000021d2a800 Implicit null exception at 0x00000000048672cf to 0x000000000486743d
Event: 17.229 Thread 0x0000000021d2a800 Exception <a 'sun/nio/fs/WindowsException'> (0x00000000db705080) thrown at [C:\src\AOSP-openjdk-git\hotspot\src\share\vm\prims\jni.cpp, line 710]
Event: 17.622 Thread 0x000000001eca5000 Exception <a 'java/lang/NoSuchMethodError': <clinit>> (0x00000000dea83998) thrown at [C:\src\AOSP-openjdk-git\hotspot\src\share\vm\prims\jni.cpp, line 1615]
Event: 17.645 Thread 0x0000000021d29000 Exception <a 'java/lang/NoSuchMethodError': java.lang.Object.newSystemTemporaryDirectory()Lcom/android/tools/build/apkzlib/bytestorage/TemporaryDirectory;> (0x00000000deddba88) thrown at [C:\src\AOSP-openjdk-git\hotspot\src\share\vm\interpreter\linkResolv
Event: 17.698 Thread 0x0000000021d29000 Exception <a 'java/lang/NoSuchMethodError': java.lang.Object.lambda$static$0(Lcom/android/apksig/util/RunnablesProvider;)V> (0x00000000df0c37e0) thrown at [C:\src\AOSP-openjdk-git\hotspot\src\share\vm\interpreter\linkResolver.cpp, line 620]
Event: 17.904 Thread 0x000000001c45c000 Implicit null exception at 0x00000000031fa4ec to 0x00000000031fa535
Event: 35.577 Thread 0x000000001c45c000 Implicit null exception at 0x000000000364237e to 0x0000000003642d38
Event: 36.066 Thread 0x000000001c45c000 Exception <a 'sun/nio/fs/WindowsException'> (0x00000000d7d9baa0) thrown at [C:\src\AOSP-openjdk-git\hotspot\src\share\vm\prims\jni.cpp, line 710]

Events (10 events):
Event: 36.198 Thread 0x000000001997a000 flushing nmethod 0x00000000031be610
Event: 36.200 Thread 0x000000001997a000 flushing nmethod 0x00000000035d8990
Event: 36.201 Thread 0x000000001997a000 flushing nmethod 0x0000000003759a50
Event: 36.201 Thread 0x000000001997a000 flushing nmethod 0x000000000375a450
Event: 36.201 Thread 0x000000001997a000 flushing nmethod 0x0000000003803e10
Event: 36.206 Thread 0x000000001997a000 flushing nmethod 0x0000000003e55ed0
Event: 36.206 Thread 0x000000001997a000 flushing nmethod 0x0000000003e7bad0
Event: 36.207 Thread 0x000000001997a000 flushing nmethod 0x0000000003fd2990
Event: 36.211 Thread 0x000000001997a000 flushing nmethod 0x0000000004547e90
Event: 36.211 Thread 0x000000001997a000 flushing nmethod 0x0000000004650b10


Dynamic libraries:
0x00007ff660fe0000 - 0x00007ff661011000 	C:\Program Files\Android\Android Studio\jre\bin\java.exe
0x00007ffd18df0000 - 0x00007ffd18fe8000 	C:\Windows\SYSTEM32\ntdll.dll
0x00007ffd184c0000 - 0x00007ffd1857d000 	C:\Windows\System32\KERNEL32.DLL
0x00007ffd16790000 - 0x00007ffd16a5e000 	C:\Windows\System32\KERNELBASE.dll
0x00007ffd17eb0000 - 0x00007ffd17f5e000 	C:\Windows\System32\ADVAPI32.dll
0x00007ffd17930000 - 0x00007ffd179ce000 	C:\Windows\System32\msvcrt.dll
0x00007ffd179d0000 - 0x00007ffd17a6c000 	C:\Windows\System32\sechost.dll
0x00007ffd17a80000 - 0x00007ffd17ba5000 	C:\Windows\System32\RPCRT4.dll
0x00007ffd17f60000 - 0x00007ffd18100000 	C:\Windows\System32\USER32.dll
0x00007ffd16d10000 - 0x00007ffd16d32000 	C:\Windows\System32\win32u.dll
0x00007ffd17e80000 - 0x00007ffd17eaa000 	C:\Windows\System32\GDI32.dll
0x00007ffd16540000 - 0x00007ffd1664b000 	C:\Windows\System32\gdi32full.dll
0x00007ffd16db0000 - 0x00007ffd16e4d000 	C:\Windows\System32\msvcp_win.dll
0x00007ffd16a60000 - 0x00007ffd16b60000 	C:\Windows\System32\ucrtbase.dll
0x00007ffcf5280000 - 0x00007ffcf551a000 	C:\Windows\WinSxS\amd64_microsoft.windows.common-controls_6595b64144ccf1df_6.0.19041.1110_none_60b5254171f9507e\COMCTL32.dll
0x00007ffd176f0000 - 0x00007ffd17720000 	C:\Windows\System32\IMM32.DLL
0x00000000772e0000 - 0x00000000773b2000 	C:\Program Files\Android\Android Studio\jre\jre\bin\msvcr100.dll
0x00000000773c0000 - 0x0000000077c0b000 	C:\Program Files\Android\Android Studio\jre\jre\bin\server\jvm.dll
0x00007ffd17850000 - 0x00007ffd17858000 	C:\Windows\System32\PSAPI.DLL
0x00007ffd0b6d0000 - 0x00007ffd0b6d9000 	C:\Windows\SYSTEM32\WSOCK32.dll
0x00007ffd06120000 - 0x00007ffd06147000 	C:\Windows\SYSTEM32\WINMM.dll
0x00007ffd067c0000 - 0x00007ffd067ca000 	C:\Windows\SYSTEM32\VERSION.dll
0x00007ffd18b90000 - 0x00007ffd18bfb000 	C:\Windows\System32\WS2_32.dll
0x00007ffd0b550000 - 0x00007ffd0b55f000 	C:\Program Files\Android\Android Studio\jre\jre\bin\verify.dll
0x00007ffcec0c0000 - 0x00007ffcec0e9000 	C:\Program Files\Android\Android Studio\jre\jre\bin\java.dll
0x00007ffceffd0000 - 0x00007ffceffe6000 	C:\Program Files\Android\Android Studio\jre\jre\bin\zip.dll
0x00007ffd16ec0000 - 0x00007ffd17604000 	C:\Windows\System32\SHELL32.dll
0x00007ffd14630000 - 0x00007ffd14dc4000 	C:\Windows\SYSTEM32\windows.storage.dll
0x00007ffd18100000 - 0x00007ffd18454000 	C:\Windows\System32\combase.dll
0x00007ffd15ea0000 - 0x00007ffd15ed0000 	C:\Windows\SYSTEM32\Wldp.dll
0x00007ffd185e0000 - 0x00007ffd1868d000 	C:\Windows\System32\SHCORE.dll
0x00007ffd18460000 - 0x00007ffd184b5000 	C:\Windows\System32\shlwapi.dll
0x00007ffd16450000 - 0x00007ffd1646f000 	C:\Windows\SYSTEM32\profapi.dll
0x00007ffcefec0000 - 0x00007ffcefeda000 	C:\Program Files\Android\Android Studio\jre\jre\bin\net.dll
0x00007ffd15c00000 - 0x00007ffd15c6a000 	C:\Windows\system32\mswsock.dll
0x00007ffcec000000 - 0x00007ffcec013000 	C:\Program Files\Android\Android Studio\jre\jre\bin\nio.dll
0x00007ffcdaea0000 - 0x00007ffcdaec7000 	C:\Users\UIS\.gradle\native\f6784746aeab05261644944871eae4fe03e0ef1612fff0a4a95f87b438bc6780\windows-amd64\native-platform.dll
0x00007ffd08300000 - 0x00007ffd0830d000 	C:\Program Files\Android\Android Studio\jre\jre\bin\management.dll
0x00007ffd15e00000 - 0x00007ffd15e18000 	C:\Windows\SYSTEM32\CRYPTSP.dll
0x00007ffd15580000 - 0x00007ffd155b4000 	C:\Windows\system32\rsaenh.dll
0x00007ffd16510000 - 0x00007ffd16537000 	C:\Windows\System32\bcrypt.dll
0x00007ffd16410000 - 0x00007ffd1643e000 	C:\Windows\SYSTEM32\USERENV.dll
0x00007ffd16650000 - 0x00007ffd166d2000 	C:\Windows\System32\bcryptprimitives.dll
0x00007ffd15df0000 - 0x00007ffd15dfc000 	C:\Windows\SYSTEM32\CRYPTBASE.dll
0x00007ffd158f0000 - 0x00007ffd1592b000 	C:\Windows\SYSTEM32\IPHLPAPI.DLL
0x00007ffd16e50000 - 0x00007ffd16e58000 	C:\Windows\System32\NSI.dll
0x00007ffd0e000000 - 0x00007ffd0e017000 	C:\Windows\SYSTEM32\dhcpcsvc6.DLL
0x00007ffd0dfe0000 - 0x00007ffd0dffd000 	C:\Windows\SYSTEM32\dhcpcsvc.DLL
0x00007ffd15930000 - 0x00007ffd159fb000 	C:\Windows\SYSTEM32\DNSAPI.dll
0x00007ffd0e600000 - 0x00007ffd0e60b000 	C:\Windows\SYSTEM32\WINNSI.DLL
0x00007ffcdb290000 - 0x00007ffcdb2b4000 	C:\Program Files\Android\Android Studio\jre\jre\bin\sunec.dll
0x00007ffd07e00000 - 0x00007ffd07e0a000 	C:\Windows\System32\rasadhlp.dll
0x00007ffd08060000 - 0x00007ffd080e0000 	C:\Windows\System32\fwpuclnt.dll
0x00007ffcff470000 - 0x00007ffcff47b000 	C:\Program Files\Android\Android Studio\jre\jre\bin\sunmscapi.dll
0x00007ffd16bb0000 - 0x00007ffd16d06000 	C:\Windows\System32\CRYPT32.dll

VM Arguments:
jvm_args: -Xmx2048m -Dfile.encoding=UTF-8 -Duser.country=CO -Duser.language=es -Duser.variant 
java_command: org.gradle.launcher.daemon.bootstrap.GradleDaemon 6.5
java_class_path (initial): C:\Users\UIS\.gradle\wrapper\dists\gradle-6.5-all\2oz4ud9k3tuxjg84bbf55q0tn\gradle-6.5\lib\gradle-launcher-6.5.jar
Launcher Type: SUN_STANDARD

Environment Variables:
PATH=C:\Program Files (x86)\Common Files\Oracle\Java\javapath;C:\ProgramData\Oracle\Java\javapath;C:\Windows\system32;C:\Windows;C:\Windows\System32\Wbem;C:\Windows\System32\WindowsPowerShell\v1.0\;C:\Windows\System32\OpenSSH\;C:\Program Files (x86)\ATI Technologies\ATI.ACE\Core-Static;C:\Program Files (x86)\AMD\ATI.ACE\Core-Static;C:\Program Files\Java\jdk1.8.0_65\bin;C:\Program Files\Git\cmd;C:\Users\UIS\AppData\Local\Programs\Python\Python310\Scripts\;C:\Users\UIS\AppData\Local\Programs\Python\Python310\;C:\Users\UIS\AppData\Local\Microsoft\WindowsApps;C:\Users\UIS\AppData\Roaming\Dashlane\6.2044.0.40862\bin\Firefox_Extension\{442718d9-475e-452a-b3e1-fb1ee16b8e9f}\components;C:\Users\UIS\AppData\Roaming\Dashlane\6.2044.0.40862\ucrt;C:\Users\UIS\AppData\Roaming\Dashlane\6.2044.0.40862\bin\Qt;C:\Users\UIS\AppData\Roaming\Dashlane\6.2044.0.40862\bin\Ssl;C:\Program Files\Java\jdk1.8.0_65\bin;C:\Users\UIS\AppData\Local\GitHubDesktop\bin;C:\Program Files\JetBrains\PyCharm Community Edition 2021.3.2\bin;
USERNAME=UIS
OS=Windows_NT
PROCESSOR_IDENTIFIER=Intel64 Family 6 Model 60 Stepping 3, GenuineIntel



---------------  S Y S T E M  ---------------

OS: Windows 10.0 , 64 bit Build 19041 (10.0.19041.1806)

CPU:total 8 (initial active 8) (4 cores per cpu, 2 threads per core) family 6 model 60 stepping 3, cmov, cx8, fxsr, mmx, sse, sse2, sse3, ssse3, sse4.1, sse4.2, popcnt, avx, avx2, aes, clmul, erms, lzcnt, ht, tsc, tscinvbit, bmi1, bmi2

Memory: 4k page, physical 8292392k(838208k free), swap 9534680k(5372k free)

vm_info: OpenJDK 64-Bit Server VM (25.242-b01) for windows-amd64 JRE (1.8.0_242-release-1644-b01), built by "builder" with MS VC++ 10.0 (VS2010)

time: Wed Jul 20 11:14:55 2022
timezone: Hora est. Pacífico, Sudamérica
elapsed time: 36 seconds (0d 0h 0m 36s)

